[2025-06-11T17:07:00] VAE
[2025-06-12T16:27:00] Faker
[2025-06-19T15:28:00] VAE
[2025-06-23T10:38:00] Faker
[2025-06-23T19:32:00] Faker
[2025-06-24T20:13:00] Mode collapse
[2025-06-24T12:05:00] Mode collapse
[2025-06-24T11:32:00] VAE
[2025-06-26T21:14:00] VAE
[2025-06-26T11:23:00] Faker
[2025-06-26T09:24:00] Mode collapse
[2025-07-01T09:43:00] Mode collapse
[2025-07-01T16:45:00] Faker
[2025-07-01T12:52:00] Faker
[2025-07-06T11:39:00] Mode collapse
[2025-07-10T11:55:00] Faker
[2025-07-10T20:15:00] Faker
[2025-07-10T09:35:00] Mode collapse
[2025-07-11T11:04:00] Faker
[2025-07-14T15:01:00] Faker
[2025-07-15T13:10:00] VAE
[2025-07-15T13:56:00] VAE
[2025-07-15T16:06:00] VAE
[2025-07-15T10:48:00] GAN
[2025-07-16T12:30:00] GAN
[2025-07-16T16:47:00] Mode collapse
[2025-07-16T12:55:00] GAN
[2025-07-21T11:35:00] Mode collapse
[2025-07-21T19:10:00] Mode collapse
[2025-07-21T11:33:00] GAN
[2025-07-23T09:43:00] Faker
[2025-07-23T14:29:00] Faker
[2025-07-28T21:45:00] VAE
[2025-07-30T20:45:00] Faker
[2025-08-01T09:12:00] Mode collapse
[2025-08-01T11:51:00] Faker
[2025-08-03T13:22:00] GAN
[2025-08-04T21:07:00] VAE
[2025-08-04T12:14:00] Faker
[2025-08-07T12:26:00] Mode collapse
[2025-08-08T17:59:00] VAE
[2025-08-10T19:24:00] Mode collapse
[2025-08-13T17:30:00] GAN
[2025-08-22T21:01:00] Faker
[2025-08-22T10:06:00] VAE
[2025-08-22T11:59:00] VAE
[2025-08-28T18:58:00] Faker
[2025-08-28T10:39:00] Faker
[2025-08-30T17:27:00] GAN
[2025-08-31T18:28:00] Faker
[2025-09-01T09:12:00] Faker
[2025-09-01T11:27:00] VAE
[2025-09-01T17:22:00] GAN
[2025-09-02T18:57:00] Faker
[2025-09-02T16:04:00] Mode collapse
[2025-09-07T14:13:00] Faker
[2025-09-08T12:00:00] Faker
[2025-09-08T09:42:00] GAN
[2025-09-08T16:24:00] VAE
[2025-09-09T13:24:00] GAN
[2025-09-09T19:25:00] Mode collapse
[2025-09-09T20:11:00] GAN
[2025-09-11T13:19:00] Faker
[2025-09-18T19:08:00] Mode collapse
[2025-09-22T21:57:00] Faker
[2025-09-23T21:50:00] VAE
[2025-09-26T17:16:00] VAE
[2025-09-27T20:18:00] Faker
[2025-09-28T14:43:00] VAE
[2025-09-30T19:40:00] Faker
[2025-10-02T11:27:00] Mode collapse
[2025-10-03T12:05:00] Faker
[2025-10-03T12:37:00] Mode collapse
[2025-10-04T18:28:00] GAN
[2025-10-07T09:13:00] Faker
[2025-10-09T09:51:00] GAN
[2025-10-09T16:29:00] VAE
[2025-10-13T13:57:00] Faker
[2025-10-20T10:03:00] VAE
[2025-10-21T18:17:00] Mode collapse
[2025-10-23T09:01:00] Mode collapse
[2025-10-24T20:03:00] VAE
[2025-10-26T10:17:00] Faker
[2025-10-29T13:33:00] Faker
[2025-10-30T19:58:00] VAE
[2025-10-30T20:03:00] VAE
[2025-10-31T17:26:00] Faker
[2025-11-01T13:09:00] VAE
[2025-11-03T20:24:00] Mode collapse
[2025-11-05T13:51:00] VAE
[2025-11-07T13:11:00] GAN
[2025-11-09T14:14:00] VAE
[2025-11-10T19:01:00] GAN
[2025-11-11T15:54:00] GAN
[2025-11-11T20:09:00] Faker
[2025-11-11T15:59:00] Faker
[2025-11-12T11:34:00] GAN
[2025-11-14T10:30:00] GAN
[2025-11-14T10:51:00] Faker
[2025-11-18T14:26:00] Faker
[2025-11-19T16:48:00] GAN
[2025-11-21T17:00:00] GAN
[2025-11-21T10:07:00] VAE
[2025-11-24T18:14:00] GAN
[2025-11-24T20:50:00] GAN
[2025-11-27T15:25:00] Faker
[2025-11-27T21:16:00] VAE
[2025-11-30T17:04:00] Mode collapse
[2025-12-01T18:54:00] VAE
[2025-12-03T21:43:00] GAN
[2025-12-03T13:09:00] Faker
[2025-12-04T17:56:00] GAN
[2025-12-05T10:26:00] Faker
[2025-12-08T11:04:00] Faker
[2025-12-09T21:18:00] Faker
[2025-12-11T12:21:00] VAE
[2025-12-11T16:37:00] VAE
[2025-12-12T10:47:00] GAN
[2025-12-14T20:16:00] GAN
[2025-12-15T16:50:00] VAE
[2025-12-17T09:42:00] GAN
[2025-12-19T12:48:00] GAN
[2025-12-23T17:56:00] GAN
[2025-12-26T17:43:00] GAN
[2025-12-27T11:46:00] Mode collapse
[2025-12-31T14:57:00] Mode collapse
[2026-01-02T15:14:00] Faker
[2026-01-02T13:20:00] VAE
[2026-01-04T10:09:00] Faker
[2026-01-04T14:03:00] GAN
[2026-01-05T17:22:00] VAE
[2026-01-05T18:26:00] Mode collapse
[2026-01-05T13:37:00] GAN
[2026-01-06T20:39:00] Faker
[2026-01-12T10:00:00] Mode collapse
[2026-01-12T13:52:00] Faker
[2026-01-13T14:50:00] GAN
[2026-01-13T20:48:00] GAN
[2026-01-13T12:29:00] Mode collapse
[2026-01-14T20:29:00] VAE
[2026-01-15T21:41:00] GAN
[2026-01-21T17:25:00] Mode collapse
[2026-01-23T15:49:00] Mode collapse
[2026-01-26T09:13:00] VAE
[2026-01-27T18:24:00] GAN
[2026-01-27T14:05:00] GAN
[2026-01-27T17:44:00] VAE
[2026-01-28T19:34:00] Faker
[2026-01-31T17:45:00] GAN
[2026-02-02T16:11:00] Mode collapse
[2026-02-03T19:34:00] GAN
[2026-02-03T15:06:00] Faker
[2026-02-04T19:08:00] VAE
[2026-02-06T09:32:00] VAE
[2026-02-09T20:13:00] GAN
[2026-02-11T21:13:00] VAE
[2026-02-12T14:52:00] Faker
[2026-02-16T17:39:00] Mode collapse
[2026-02-16T15:05:00] VAE
[2026-02-17T18:58:00] VAE
[2026-02-17T14:54:00] VAE
[2026-02-18T14:38:00] VAE
[2026-02-18T14:56:00] Mode collapse
[2026-02-18T21:22:00] Mode collapse
[2026-02-20T11:56:00] GAN
[2026-02-20T18:21:00] VAE
[2026-02-20T18:32:00] GAN
[2026-02-23T21:28:00] VAE
[2026-03-01T16:45:00] Mode collapse
[2026-03-02T19:56:00] Mode collapse
[2026-03-03T20:00:00] Faker
[2026-03-03T16:25:00] Faker
[2026-03-04T18:03:00] VAE
[2026-03-10T15:02:00] GAN
[2026-03-12T12:58:00] Mode collapse
[2026-03-13T10:36:00] Faker
[2026-03-13T11:37:00] VAE
[2026-03-15T17:08:00] Faker
[2026-03-17T10:27:00] Mode collapse
[2026-03-19T12:19:00] Mode collapse
[2026-03-19T16:43:00] Faker
[2026-03-19T12:22:00] VAE
[2026-03-25T17:41:00] VAE
[2026-03-25T20:00:00] Mode collapse
[2026-03-31T11:56:00] VAE
[2026-04-01T13:05:00] VAE
[2026-04-10T12:32:00] Mode collapse
[2026-04-13T21:08:00] Mode collapse
[2026-04-13T15:58:00] Faker
[2026-04-13T17:02:00] GAN
[2026-04-14T12:01:00] Mode collapse
[2026-04-14T12:39:00] VAE
[2026-04-14T17:10:00] GAN
[2026-04-14T11:04:00] Mode collapse
[2026-04-16T11:54:00] VAE
[2026-04-17T13:18:00] Faker
[2026-04-17T15:32:00] Faker
[2026-04-21T11:01:00] GAN
[2026-04-21T13:44:00] Faker
[2026-04-23T11:19:00] Faker
[2026-04-24T09:42:00] VAE
[2026-05-01T18:05:00] Mode collapse
[2026-05-04T21:19:00] Mode collapse
[2026-05-04T21:34:00] Faker
[2026-05-05T18:05:00] Mode collapse
[2026-05-06T14:44:00] Mode collapse
[2026-05-07T16:47:00] Mode collapse
[2026-05-10T15:17:00] Faker
[2026-05-12T12:23:00] VAE
[2026-05-13T16:32:00] Faker
[2026-05-14T20:02:00] GAN
[2026-05-14T17:08:00] Faker
[2026-05-19T16:35:00] GAN
[2026-05-24T20:54:00] GAN
[2026-05-28T16:21:00] GAN
[2026-05-29T21:36:00] Faker
[2026-05-31T18:26:00] Faker
[2026-05-31T18:25:00] Mode collapse
[2026-06-09T10:57:00] Faker
[2026-06-09T14:10:00] Mode collapse
[2026-06-10T11:08:00] Mode collapse
[2026-06-10T14:31:00] GAN
[2026-06-10T09:20:00] Mode collapse
[2025-06-13T14:21:17] Update Faker-based synthetic data generator
[2025-06-16T17:52:18] WIP: debugging mode collapse in generator
[2025-06-18T20:25:32] Implement domain adaptation for transfer
[2025-06-19T18:56:22] Implement differential privacy noise addition
[2025-06-20T09:05:53] Implement tabular GAN for synthetic records
[2025-06-20T15:28:31] Implement domain adaptation for transfer
[2025-06-24T11:27:26] Add support for long tail distributions
[2025-06-25T14:23:40] Update Faker-based synthetic data generator
[2025-07-01T19:23:10] Add evaluation with FID score metric
[2025-07-01T18:33:57] Update training loop with EMA for stability
[2025-07-02T14:48:49] Implement domain adaptation for transfer
[2025-07-06T16:13:57] Implement domain adaptation for transfer
[2025-07-08T15:47:50] Implement data quality validation checks
[2025-07-09T20:36:41] Implement tabular GAN for synthetic records
[2025-07-09T09:48:56] Update documentation for generation API
[2025-07-10T19:32:12] Implement tabular GAN for synthetic records
[2025-07-14T20:01:31] Update documentation for generation API
[2025-07-14T16:57:23] WIP: training larger models on cloud GPUs
[2025-07-15T17:21:02] Add evaluation with FID score metric
[2025-07-17T14:42:44] Add evaluation with FID score metric
[2025-07-19T09:29:46] Update Faker-based synthetic data generator
[2025-07-19T14:48:45] Implement conditional GAN for labeled data
[2025-07-19T13:39:07] Add data de-identification pipeline steps
[2025-07-22T17:34:18] Update training loop with EMA for stability
[2025-07-24T12:03:53] Update configuration for cloud training jobs
[2025-07-27T13:15:50] Add data de-identification pipeline steps
[2025-07-31T10:51:40] Implement latent space interpolation for samples
[2025-08-01T14:55:00] Add VAE for image generation pipeline
[2025-08-01T14:55:51] WIP: debugging mode collapse in generator
[2025-08-07T09:27:06] Implement differential privacy noise addition
[2025-08-11T12:17:35] Update documentation for generation API
[2025-08-12T19:05:39] Add data de-identification pipeline steps
[2025-08-12T11:34:47] Implement tabular GAN for synthetic records
[2025-08-14T19:01:39] WIP: benchmarking against SDV library baseline
[2025-08-15T16:57:10] Update Faker-based synthetic data generator
[2025-08-19T13:10:51] Implement conditional GAN for labeled data
[2025-08-20T19:46:21] Add support for long tail distributions
[2025-08-22T17:19:11] Implement latent space interpolation for samples
[2025-08-25T12:33:04] Update configuration for cloud training jobs
[2025-08-26T16:41:26] Implement latent space interpolation for samples
[2025-08-30T13:50:08] Implement conditional GAN for labeled data
[2025-09-01T09:10:42] WIP: training larger models on cloud GPUs
[2025-09-01T20:25:52] Add VAE for image generation pipeline
[2025-09-02T14:01:16] Add data de-identification pipeline steps
[2025-09-03T10:00:38] Update documentation for generation API
[2025-09-08T20:40:31] Update Faker-based synthetic data generator
[2025-09-09T10:37:14] Implement tabular GAN for synthetic records
[2025-09-12T19:23:59] Add data de-identification pipeline steps
[2025-09-12T10:14:51] Implement tabular GAN for synthetic records
[2025-09-14T12:02:09] Implement data quality validation checks
[2025-09-15T09:58:18] WIP: training larger models on cloud GPUs
[2025-09-17T19:07:59] Implement differential privacy noise addition
[2025-09-17T14:17:12] Implement domain adaptation for transfer
[2025-09-18T15:43:52] WIP: training larger models on cloud GPUs
[2025-09-19T17:02:57] Add VAE for image generation pipeline
[2025-09-21T14:42:49] Fix generator gradient instability during training
[2025-09-24T10:25:16] WIP: benchmarking against SDV library baseline
[2025-09-24T19:02:47] Fix generator gradient instability during training
[2025-09-29T15:50:59] Fix memory leak in batch generation worker
[2025-09-30T20:00:56] Update Faker-based synthetic data generator
[2025-10-01T10:23:15] Implement latent space interpolation for samples
[2025-10-01T16:10:01] Add data de-identification pipeline steps
[2025-10-06T20:43:48] Add evaluation with FID score metric
[2025-10-07T16:29:24] WIP: benchmarking against SDV library baseline
[2025-10-09T13:21:35] Implement data quality validation checks
[2025-10-11T15:31:51] WIP: debugging mode collapse in generator
[2025-10-13T10:27:30] WIP: debugging mode collapse in generator
[2025-10-13T19:37:33] Fix generator gradient instability during training
[2025-10-16T20:57:12] Implement differential privacy noise addition
[2025-10-16T14:00:44] Implement latent space interpolation for samples
[2025-10-16T12:43:28] Implement latent space interpolation for samples
[2025-10-20T19:43:06] Update training loop with EMA for stability
[2025-10-22T19:28:02] Add evaluation with FID score metric
[2025-10-23T14:55:43] Implement tabular GAN for synthetic records
[2025-10-23T19:52:01] Implement conditional GAN for labeled data
[2025-10-28T09:46:28] WIP: training larger models on cloud GPUs
[2025-10-29T17:42:42] Implement tabular GAN for synthetic records
[2025-10-29T11:05:32] Implement conditional GAN for labeled data
[2025-10-30T12:39:41] Add evaluation with FID score metric
[2025-11-03T20:30:06] Implement conditional GAN for labeled data
[2025-11-05T14:28:14] Update training loop with EMA for stability
[2025-11-06T11:53:41] Update training loop with EMA for stability
[2025-11-06T19:43:34] Add synthetic time series generation module
[2025-11-07T16:56:32] Update configuration for cloud training jobs
[2025-11-08T19:07:22] Update training loop with EMA for stability
[2025-11-12T17:17:26] Fix memory leak in batch generation worker
[2025-11-13T14:59:31] Add synthetic time series generation module
[2025-11-13T17:26:03] Update configuration for cloud training jobs
[2025-11-19T09:20:20] Add VAE for image generation pipeline
[2025-11-20T15:34:57] Update documentation for generation API
[2025-11-26T19:05:41] Implement differential privacy noise addition
[2025-11-27T18:34:53] WIP: debugging mode collapse in generator
[2025-12-01T17:06:30] Add VAE for image generation pipeline
[2025-12-09T15:19:12] Fix generator gradient instability during training
[2025-12-10T15:19:52] Add data de-identification pipeline steps
[2025-12-10T13:38:52] Update configuration for cloud training jobs
[2025-12-15T11:43:21] Update documentation for generation API
[2025-12-15T14:08:02] Fix generator gradient instability during training
[2025-12-16T15:41:20] WIP: training larger models on cloud GPUs
[2025-12-17T15:11:44] Implement domain adaptation for transfer
[2025-12-26T13:04:15] Update documentation for generation API
[2025-12-30T15:43:30] Add data de-identification pipeline steps
[2025-12-31T12:59:50] Add data de-identification pipeline steps
[2026-01-03T12:58:04] WIP: benchmarking against SDV library baseline
[2026-01-05T13:49:03] Implement latent space interpolation for samples
[2026-01-07T19:07:52] WIP: debugging mode collapse in generator
[2026-01-12T16:34:47] Implement conditional GAN for labeled data
[2026-01-13T15:56:01] Update configuration for cloud training jobs
[2026-01-13T20:30:18] Implement data quality validation checks
[2026-01-14T11:24:29] Implement tabular GAN for synthetic records
[2026-01-15T19:14:24] Add synthetic time series generation module
[2026-01-21T11:16:11] Add data de-identification pipeline steps
[2026-01-21T18:10:49] Update documentation for generation API
[2026-01-23T10:09:44] Add evaluation with FID score metric
[2026-01-27T13:31:25] Add VAE for image generation pipeline
[2026-01-27T12:53:00] Add VAE for image generation pipeline
[2026-01-29T09:38:39] Add VAE for image generation pipeline
[2026-02-04T20:48:02] Implement tabular GAN for synthetic records
[2026-02-04T11:48:23] Add evaluation with FID score metric
[2026-02-09T13:40:31] Fix generator gradient instability during training
[2026-02-11T11:25:23] Implement conditional GAN for labeled data
[2026-02-12T14:25:13] Update Faker-based synthetic data generator
[2026-02-20T12:38:56] Add data de-identification pipeline steps
